2025-09-16 11:24:12 info: Congratulations, your extension "Embold" is now active!
2025-09-16 11:24:12 info: ************* init ****************
2025-09-16 11:24:12 info: tempDirectory : /Users/alfaizmomin/.vscode/extensions/embold-vscode.embold-0.3.1/temp
2025-09-16 11:24:14 info: Extraction complete for source: /Users/alfaizmomin/.vscode/extensions/embold-vscode.embold-0.3.1/resources/embold-scanner-archive.zip, destination: /Users/alfaizmomin/.vscode/extensions/embold-vscode.embold-0.3.1/temp
2025-09-16 11:24:14 info: Extension installed on machine OS : darwin
2025-09-16 11:24:14 info: Fetched the issues from DB
2025-09-16 11:24:15 info: Java version installed on machine : 
openjdk version "17.0.10" 2024-01-16 LTS
OpenJDK Runtime Environment Corretto-17.0.10.7.1 (build 17.0.10+7-LTS)
OpenJDK 64-Bit Server VM Corretto-17.0.10.7.1 (build 17.0.10+7-LTS, mixed mode, sharing)

2025-09-16 11:24:15 info: Java installed on machine.
2025-09-16 11:24:16 info: Embold extension version response:{"hasSupport":false,"version":"0.2.1","changeNotes":"<div> <p>Release Date: 30 Apr, 2025 <br><span>Bug fixes and improvements.</span></p> </div>"}
2025-09-16 11:24:16 info: Current installed embold extension version : 0.3.1
2025-09-16 11:24:16 info: Latest embold extension version on marketplace : 0.2.1
2025-09-16 11:24:16 info: Current extension version: 0.3.1
2025-09-16 11:24:16 info: Stored extension version: 0.3.1
2025-09-16 11:24:16 info: No new installation or upgrade detected. Skipping plugin activation tracking.
2025-09-16 11:25:58 info: Row(s) deleted
2025-09-16 11:25:59 info: Row(s) deleted
2025-09-16 11:25:59 info: Row(s) deleted
2025-09-16 11:25:59 info: Row(s) deleted
2025-09-16 11:25:59 info: Row(s) deleted
2025-09-16 11:25:59 info: Row(s) deleted
2025-09-16 11:25:59 info: Row(s) deleted
2025-09-16 11:25:59 info: Row(s) deleted
2025-09-16 11:25:59 info: Row(s) deleted
2025-09-16 11:25:59 info: Row(s) deleted
2025-09-16 11:26:14 info: Row(s) deleted
2025-09-16 11:26:22 info: Row(s) deleted
2025-09-16 11:26:24 info: Row(s) deleted
2025-09-16 11:26:29 info: Row(s) deleted
2025-09-16 11:26:30 info: Row(s) deleted
2025-09-16 11:26:40 info: Row(s) deleted
